<?xml version="1.0" encoding="UTF-8"?>
<testsuite xmlns:xsi="http://www.w3.org/2001/XMLSchema-instance" xsi:noNamespaceSchemaLocation="https://maven.apache.org/surefire/maven-surefire-plugin/xsd/surefire-test-report-3.0.xsd" version="3.0" name="tests.MantisAutomationTest" time="175.357" tests="9" errors="0" skipped="0" failures="0">
  <properties>
    <property name="java.specification.version" value="21"/>
    <property name="webdriver.chrome.driver" value="/home/lucas/.m2/repository/webdriver/chromedriver/linux64/104.0.5112.79/chromedriver"/>
    <property name="sun.jnu.encoding" value="UTF-8"/>
    <property name="java.class.path" value="/home/lucas/eclipse-workspace/mantisBase2/target/test-classes:/home/lucas/eclipse-workspace/mantisBase2/target/classes:/home/lucas/.m2/repository/io/qameta/allure/allure-junit5/2.10.0/allure-junit5-2.10.0.jar:/home/lucas/.m2/repository/io/qameta/allure/allure-junit-platform/2.10.0/allure-junit-platform-2.10.0.jar:/home/lucas/.m2/repository/io/qameta/allure/allure-java-commons/2.10.0/allure-java-commons-2.10.0.jar:/home/lucas/.m2/repository/io/qameta/allure/allure-model/2.10.0/allure-model-2.10.0.jar:/home/lucas/.m2/repository/com/fasterxml/jackson/core/jackson-databind/2.9.8/jackson-databind-2.9.8.jar:/home/lucas/.m2/repository/com/fasterxml/jackson/core/jackson-annotations/2.9.0/jackson-annotations-2.9.0.jar:/home/lucas/.m2/repository/com/fasterxml/jackson/core/jackson-core/2.9.8/jackson-core-2.9.8.jar:/home/lucas/.m2/repository/org/apache/tika/tika-core/1.20/tika-core-1.20.jar:/home/lucas/.m2/repository/org/jooq/joor-java-8/0.9.10/joor-java-8-0.9.10.jar:/home/lucas/.m2/repository/org/junit/platform/junit-platform-launcher/1.4.0/junit-platform-launcher-1.4.0.jar:/home/lucas/.m2/repository/org/slf4j/slf4j-log4j12/1.7.5/slf4j-log4j12-1.7.5.jar:/home/lucas/.m2/repository/org/slf4j/slf4j-api/1.7.5/slf4j-api-1.7.5.jar:/home/lucas/.m2/repository/log4j/log4j/1.2.17/log4j-1.2.17.jar:/home/lucas/.m2/repository/org/seleniumhq/selenium/selenium-support/4.11.0/selenium-support-4.11.0.jar:/home/lucas/.m2/repository/com/google/auto/service/auto-service-annotations/1.0.1/auto-service-annotations-1.0.1.jar:/home/lucas/.m2/repository/com/google/guava/guava/31.1-jre/guava-31.1-jre.jar:/home/lucas/.m2/repository/com/google/guava/failureaccess/1.0.1/failureaccess-1.0.1.jar:/home/lucas/.m2/repository/com/google/guava/listenablefuture/9999.0-empty-to-avoid-conflict-with-guava/listenablefuture-9999.0-empty-to-avoid-conflict-with-guava.jar:/home/lucas/.m2/repository/com/google/code/findbugs/jsr305/3.0.2/jsr305-3.0.2.jar:/home/lucas/.m2/repository/org/checkerframework/checker-qual/3.12.0/checker-qual-3.12.0.jar:/home/lucas/.m2/repository/com/google/errorprone/error_prone_annotations/2.11.0/error_prone_annotations-2.11.0.jar:/home/lucas/.m2/repository/com/google/j2objc/j2objc-annotations/1.3/j2objc-annotations-1.3.jar:/home/lucas/.m2/repository/net/bytebuddy/byte-buddy/1.14.4/byte-buddy-1.14.4.jar:/home/lucas/.m2/repository/org/seleniumhq/selenium/selenium-api/4.11.0/selenium-api-4.11.0.jar:/home/lucas/.m2/repository/org/seleniumhq/selenium/selenium-json/4.11.0/selenium-json-4.11.0.jar:/home/lucas/.m2/repository/org/seleniumhq/selenium/selenium-java/4.11.0/selenium-java-4.11.0.jar:/home/lucas/.m2/repository/org/seleniumhq/selenium/selenium-chrome-driver/4.11.0/selenium-chrome-driver-4.11.0.jar:/home/lucas/.m2/repository/org/seleniumhq/selenium/selenium-chromium-driver/4.11.0/selenium-chromium-driver-4.11.0.jar:/home/lucas/.m2/repository/org/seleniumhq/selenium/selenium-devtools-v113/4.11.0/selenium-devtools-v113-4.11.0.jar:/home/lucas/.m2/repository/org/seleniumhq/selenium/selenium-devtools-v114/4.11.0/selenium-devtools-v114-4.11.0.jar:/home/lucas/.m2/repository/org/seleniumhq/selenium/selenium-devtools-v115/4.11.0/selenium-devtools-v115-4.11.0.jar:/home/lucas/.m2/repository/org/seleniumhq/selenium/selenium-devtools-v85/4.11.0/selenium-devtools-v85-4.11.0.jar:/home/lucas/.m2/repository/org/seleniumhq/selenium/selenium-edge-driver/4.11.0/selenium-edge-driver-4.11.0.jar:/home/lucas/.m2/repository/org/seleniumhq/selenium/selenium-firefox-driver/4.11.0/selenium-firefox-driver-4.11.0.jar:/home/lucas/.m2/repository/org/seleniumhq/selenium/selenium-ie-driver/4.11.0/selenium-ie-driver-4.11.0.jar:/home/lucas/.m2/repository/org/seleniumhq/selenium/selenium-safari-driver/4.11.0/selenium-safari-driver-4.11.0.jar:/home/lucas/.m2/repository/io/github/bonigarcia/webdrivermanager/3.7.1/webdrivermanager-3.7.1.jar:/home/lucas/.m2/repository/commons-io/commons-io/2.6/commons-io-2.6.jar:/home/lucas/.m2/repository/com/google/code/gson/gson/2.8.5/gson-2.8.5.jar:/home/lucas/.m2/repository/org/apache/commons/commons-lang3/3.8.1/commons-lang3-3.8.1.jar:/home/lucas/.m2/repository/org/apache/httpcomponents/httpclient/4.5.6/httpclient-4.5.6.jar:/home/lucas/.m2/repository/org/apache/httpcomponents/httpcore/4.4.10/httpcore-4.4.10.jar:/home/lucas/.m2/repository/commons-logging/commons-logging/1.2/commons-logging-1.2.jar:/home/lucas/.m2/repository/commons-codec/commons-codec/1.10/commons-codec-1.10.jar:/home/lucas/.m2/repository/org/rauschig/jarchivelib/1.0.0/jarchivelib-1.0.0.jar:/home/lucas/.m2/repository/org/apache/commons/commons-compress/1.18/commons-compress-1.18.jar:/home/lucas/.m2/repository/org/jsoup/jsoup/1.11.3/jsoup-1.11.3.jar:/home/lucas/.m2/repository/org/seleniumhq/selenium/selenium-remote-driver/4.11.0/selenium-remote-driver-4.11.0.jar:/home/lucas/.m2/repository/io/netty/netty-buffer/4.1.92.Final/netty-buffer-4.1.92.Final.jar:/home/lucas/.m2/repository/io/netty/netty-codec-http/4.1.92.Final/netty-codec-http-4.1.92.Final.jar:/home/lucas/.m2/repository/io/netty/netty-codec/4.1.92.Final/netty-codec-4.1.92.Final.jar:/home/lucas/.m2/repository/io/netty/netty-handler/4.1.92.Final/netty-handler-4.1.92.Final.jar:/home/lucas/.m2/repository/io/netty/netty-common/4.1.92.Final/netty-common-4.1.92.Final.jar:/home/lucas/.m2/repository/io/netty/netty-transport-classes-epoll/4.1.92.Final/netty-transport-classes-epoll-4.1.92.Final.jar:/home/lucas/.m2/repository/io/netty/netty-transport-classes-kqueue/4.1.92.Final/netty-transport-classes-kqueue-4.1.92.Final.jar:/home/lucas/.m2/repository/io/netty/netty-transport-native-epoll/4.1.92.Final/netty-transport-native-epoll-4.1.92.Final.jar:/home/lucas/.m2/repository/io/netty/netty-transport-native-kqueue/4.1.92.Final/netty-transport-native-kqueue-4.1.92.Final.jar:/home/lucas/.m2/repository/io/netty/netty-transport-native-unix-common/4.1.92.Final/netty-transport-native-unix-common-4.1.92.Final.jar:/home/lucas/.m2/repository/io/netty/netty-transport/4.1.92.Final/netty-transport-4.1.92.Final.jar:/home/lucas/.m2/repository/io/netty/netty-resolver/4.1.92.Final/netty-resolver-4.1.92.Final.jar:/home/lucas/.m2/repository/io/opentelemetry/opentelemetry-api/1.26.0/opentelemetry-api-1.26.0.jar:/home/lucas/.m2/repository/io/opentelemetry/opentelemetry-context/1.26.0/opentelemetry-context-1.26.0.jar:/home/lucas/.m2/repository/io/opentelemetry/opentelemetry-exporter-logging/1.26.0/opentelemetry-exporter-logging-1.26.0.jar:/home/lucas/.m2/repository/io/opentelemetry/opentelemetry-sdk-metrics/1.26.0/opentelemetry-sdk-metrics-1.26.0.jar:/home/lucas/.m2/repository/io/opentelemetry/opentelemetry-extension-incubator/1.26.0-alpha/opentelemetry-extension-incubator-1.26.0-alpha.jar:/home/lucas/.m2/repository/io/opentelemetry/opentelemetry-sdk-logs/1.26.0-alpha/opentelemetry-sdk-logs-1.26.0-alpha.jar:/home/lucas/.m2/repository/io/opentelemetry/opentelemetry-api-logs/1.26.0-alpha/opentelemetry-api-logs-1.26.0-alpha.jar:/home/lucas/.m2/repository/io/opentelemetry/opentelemetry-api-events/1.26.0-alpha/opentelemetry-api-events-1.26.0-alpha.jar:/home/lucas/.m2/repository/io/opentelemetry/opentelemetry-sdk-common/1.26.0/opentelemetry-sdk-common-1.26.0.jar:/home/lucas/.m2/repository/io/opentelemetry/opentelemetry-sdk-extension-autoconfigure-spi/1.26.0/opentelemetry-sdk-extension-autoconfigure-spi-1.26.0.jar:/home/lucas/.m2/repository/io/opentelemetry/opentelemetry-sdk-extension-autoconfigure/1.26.0-alpha/opentelemetry-sdk-extension-autoconfigure-1.26.0-alpha.jar:/home/lucas/.m2/repository/io/opentelemetry/opentelemetry-sdk-trace/1.26.0/opentelemetry-sdk-trace-1.26.0.jar:/home/lucas/.m2/repository/io/opentelemetry/opentelemetry-sdk/1.26.0/opentelemetry-sdk-1.26.0.jar:/home/lucas/.m2/repository/io/opentelemetry/opentelemetry-semconv/1.26.0-alpha/opentelemetry-semconv-1.26.0-alpha.jar:/home/lucas/.m2/repository/org/apache/commons/commons-exec/1.3/commons-exec-1.3.jar:/home/lucas/.m2/repository/org/asynchttpclient/async-http-client/2.12.3/async-http-client-2.12.3.jar:/home/lucas/.m2/repository/org/asynchttpclient/async-http-client-netty-utils/2.12.3/async-http-client-netty-utils-2.12.3.jar:/home/lucas/.m2/repository/io/netty/netty-codec-socks/4.1.60.Final/netty-codec-socks-4.1.60.Final.jar:/home/lucas/.m2/repository/io/netty/netty-handler-proxy/4.1.60.Final/netty-handler-proxy-4.1.60.Final.jar:/home/lucas/.m2/repository/io/netty/netty-transport-native-epoll/4.1.60.Final/netty-transport-native-epoll-4.1.60.Final-linux-x86_64.jar:/home/lucas/.m2/repository/io/netty/netty-transport-native-kqueue/4.1.60.Final/netty-transport-native-kqueue-4.1.60.Final-osx-x86_64.jar:/home/lucas/.m2/repository/org/reactivestreams/reactive-streams/1.0.3/reactive-streams-1.0.3.jar:/home/lucas/.m2/repository/com/typesafe/netty/netty-reactive-streams/2.0.4/netty-reactive-streams-2.0.4.jar:/home/lucas/.m2/repository/com/sun/activation/jakarta.activation/1.2.2/jakarta.activation-1.2.2.jar:/home/lucas/.m2/repository/org/seleniumhq/selenium/selenium-http/4.11.0/selenium-http-4.11.0.jar:/home/lucas/.m2/repository/dev/failsafe/failsafe/3.3.1/failsafe-3.3.1.jar:/home/lucas/.m2/repository/org/seleniumhq/selenium/selenium-manager/4.11.0/selenium-manager-4.11.0.jar:/home/lucas/.m2/repository/junit/junit/4.13.1/junit-4.13.1.jar:/home/lucas/.m2/repository/org/hamcrest/hamcrest-core/1.3/hamcrest-core-1.3.jar:/home/lucas/.m2/repository/org/junit/jupiter/junit-jupiter-engine/5.7.0/junit-jupiter-engine-5.7.0.jar:/home/lucas/.m2/repository/org/apiguardian/apiguardian-api/1.1.0/apiguardian-api-1.1.0.jar:/home/lucas/.m2/repository/org/junit/platform/junit-platform-engine/1.7.0/junit-platform-engine-1.7.0.jar:/home/lucas/.m2/repository/org/junit/jupiter/junit-jupiter-api/5.7.1/junit-jupiter-api-5.7.1.jar:/home/lucas/.m2/repository/org/opentest4j/opentest4j/1.2.0/opentest4j-1.2.0.jar:/home/lucas/.m2/repository/org/junit/platform/junit-platform-commons/1.7.1/junit-platform-commons-1.7.1.jar:/home/lucas/.m2/repository/com/codeborne/phantomjsdriver/1.2.1/phantomjsdriver-1.2.1.jar:"/>
    <property name="java.vm.vendor" value="Ubuntu"/>
    <property name="sun.arch.data.model" value="64"/>
    <property name="java.vendor.url" value="https://ubuntu.com/"/>
    <property name="user.timezone" value="America/Sao_Paulo"/>
    <property name="os.name" value="Linux"/>
    <property name="java.vm.specification.version" value="21"/>
    <property name="sun.java.launcher" value="SUN_STANDARD"/>
    <property name="user.country" value="US"/>
    <property name="sun.boot.library.path" value="/usr/lib/jvm/java-21-openjdk-amd64/lib"/>
    <property name="sun.java.command" value="/home/lucas/eclipse-workspace/mantisBase2/target/surefire/surefirebooter7367785783444182002.jar /home/lucas/eclipse-workspace/mantisBase2/target/surefire 2024-07-01T10-03-37_507-jvmRun1 surefire4325746185328667039tmp surefire_011427063198198212127tmp"/>
    <property name="jdk.debug" value="release"/>
    <property name="surefire.test.class.path" value="/home/lucas/eclipse-workspace/mantisBase2/target/test-classes:/home/lucas/eclipse-workspace/mantisBase2/target/classes:/home/lucas/.m2/repository/io/qameta/allure/allure-junit5/2.10.0/allure-junit5-2.10.0.jar:/home/lucas/.m2/repository/io/qameta/allure/allure-junit-platform/2.10.0/allure-junit-platform-2.10.0.jar:/home/lucas/.m2/repository/io/qameta/allure/allure-java-commons/2.10.0/allure-java-commons-2.10.0.jar:/home/lucas/.m2/repository/io/qameta/allure/allure-model/2.10.0/allure-model-2.10.0.jar:/home/lucas/.m2/repository/com/fasterxml/jackson/core/jackson-databind/2.9.8/jackson-databind-2.9.8.jar:/home/lucas/.m2/repository/com/fasterxml/jackson/core/jackson-annotations/2.9.0/jackson-annotations-2.9.0.jar:/home/lucas/.m2/repository/com/fasterxml/jackson/core/jackson-core/2.9.8/jackson-core-2.9.8.jar:/home/lucas/.m2/repository/org/apache/tika/tika-core/1.20/tika-core-1.20.jar:/home/lucas/.m2/repository/org/jooq/joor-java-8/0.9.10/joor-java-8-0.9.10.jar:/home/lucas/.m2/repository/org/junit/platform/junit-platform-launcher/1.4.0/junit-platform-launcher-1.4.0.jar:/home/lucas/.m2/repository/org/slf4j/slf4j-log4j12/1.7.5/slf4j-log4j12-1.7.5.jar:/home/lucas/.m2/repository/org/slf4j/slf4j-api/1.7.5/slf4j-api-1.7.5.jar:/home/lucas/.m2/repository/log4j/log4j/1.2.17/log4j-1.2.17.jar:/home/lucas/.m2/repository/org/seleniumhq/selenium/selenium-support/4.11.0/selenium-support-4.11.0.jar:/home/lucas/.m2/repository/com/google/auto/service/auto-service-annotations/1.0.1/auto-service-annotations-1.0.1.jar:/home/lucas/.m2/repository/com/google/guava/guava/31.1-jre/guava-31.1-jre.jar:/home/lucas/.m2/repository/com/google/guava/failureaccess/1.0.1/failureaccess-1.0.1.jar:/home/lucas/.m2/repository/com/google/guava/listenablefuture/9999.0-empty-to-avoid-conflict-with-guava/listenablefuture-9999.0-empty-to-avoid-conflict-with-guava.jar:/home/lucas/.m2/repository/com/google/code/findbugs/jsr305/3.0.2/jsr305-3.0.2.jar:/home/lucas/.m2/repository/org/checkerframework/checker-qual/3.12.0/checker-qual-3.12.0.jar:/home/lucas/.m2/repository/com/google/errorprone/error_prone_annotations/2.11.0/error_prone_annotations-2.11.0.jar:/home/lucas/.m2/repository/com/google/j2objc/j2objc-annotations/1.3/j2objc-annotations-1.3.jar:/home/lucas/.m2/repository/net/bytebuddy/byte-buddy/1.14.4/byte-buddy-1.14.4.jar:/home/lucas/.m2/repository/org/seleniumhq/selenium/selenium-api/4.11.0/selenium-api-4.11.0.jar:/home/lucas/.m2/repository/org/seleniumhq/selenium/selenium-json/4.11.0/selenium-json-4.11.0.jar:/home/lucas/.m2/repository/org/seleniumhq/selenium/selenium-java/4.11.0/selenium-java-4.11.0.jar:/home/lucas/.m2/repository/org/seleniumhq/selenium/selenium-chrome-driver/4.11.0/selenium-chrome-driver-4.11.0.jar:/home/lucas/.m2/repository/org/seleniumhq/selenium/selenium-chromium-driver/4.11.0/selenium-chromium-driver-4.11.0.jar:/home/lucas/.m2/repository/org/seleniumhq/selenium/selenium-devtools-v113/4.11.0/selenium-devtools-v113-4.11.0.jar:/home/lucas/.m2/repository/org/seleniumhq/selenium/selenium-devtools-v114/4.11.0/selenium-devtools-v114-4.11.0.jar:/home/lucas/.m2/repository/org/seleniumhq/selenium/selenium-devtools-v115/4.11.0/selenium-devtools-v115-4.11.0.jar:/home/lucas/.m2/repository/org/seleniumhq/selenium/selenium-devtools-v85/4.11.0/selenium-devtools-v85-4.11.0.jar:/home/lucas/.m2/repository/org/seleniumhq/selenium/selenium-edge-driver/4.11.0/selenium-edge-driver-4.11.0.jar:/home/lucas/.m2/repository/org/seleniumhq/selenium/selenium-firefox-driver/4.11.0/selenium-firefox-driver-4.11.0.jar:/home/lucas/.m2/repository/org/seleniumhq/selenium/selenium-ie-driver/4.11.0/selenium-ie-driver-4.11.0.jar:/home/lucas/.m2/repository/org/seleniumhq/selenium/selenium-safari-driver/4.11.0/selenium-safari-driver-4.11.0.jar:/home/lucas/.m2/repository/io/github/bonigarcia/webdrivermanager/3.7.1/webdrivermanager-3.7.1.jar:/home/lucas/.m2/repository/commons-io/commons-io/2.6/commons-io-2.6.jar:/home/lucas/.m2/repository/com/google/code/gson/gson/2.8.5/gson-2.8.5.jar:/home/lucas/.m2/repository/org/apache/commons/commons-lang3/3.8.1/commons-lang3-3.8.1.jar:/home/lucas/.m2/repository/org/apache/httpcomponents/httpclient/4.5.6/httpclient-4.5.6.jar:/home/lucas/.m2/repository/org/apache/httpcomponents/httpcore/4.4.10/httpcore-4.4.10.jar:/home/lucas/.m2/repository/commons-logging/commons-logging/1.2/commons-logging-1.2.jar:/home/lucas/.m2/repository/commons-codec/commons-codec/1.10/commons-codec-1.10.jar:/home/lucas/.m2/repository/org/rauschig/jarchivelib/1.0.0/jarchivelib-1.0.0.jar:/home/lucas/.m2/repository/org/apache/commons/commons-compress/1.18/commons-compress-1.18.jar:/home/lucas/.m2/repository/org/jsoup/jsoup/1.11.3/jsoup-1.11.3.jar:/home/lucas/.m2/repository/org/seleniumhq/selenium/selenium-remote-driver/4.11.0/selenium-remote-driver-4.11.0.jar:/home/lucas/.m2/repository/io/netty/netty-buffer/4.1.92.Final/netty-buffer-4.1.92.Final.jar:/home/lucas/.m2/repository/io/netty/netty-codec-http/4.1.92.Final/netty-codec-http-4.1.92.Final.jar:/home/lucas/.m2/repository/io/netty/netty-codec/4.1.92.Final/netty-codec-4.1.92.Final.jar:/home/lucas/.m2/repository/io/netty/netty-handler/4.1.92.Final/netty-handler-4.1.92.Final.jar:/home/lucas/.m2/repository/io/netty/netty-common/4.1.92.Final/netty-common-4.1.92.Final.jar:/home/lucas/.m2/repository/io/netty/netty-transport-classes-epoll/4.1.92.Final/netty-transport-classes-epoll-4.1.92.Final.jar:/home/lucas/.m2/repository/io/netty/netty-transport-classes-kqueue/4.1.92.Final/netty-transport-classes-kqueue-4.1.92.Final.jar:/home/lucas/.m2/repository/io/netty/netty-transport-native-epoll/4.1.92.Final/netty-transport-native-epoll-4.1.92.Final.jar:/home/lucas/.m2/repository/io/netty/netty-transport-native-kqueue/4.1.92.Final/netty-transport-native-kqueue-4.1.92.Final.jar:/home/lucas/.m2/repository/io/netty/netty-transport-native-unix-common/4.1.92.Final/netty-transport-native-unix-common-4.1.92.Final.jar:/home/lucas/.m2/repository/io/netty/netty-transport/4.1.92.Final/netty-transport-4.1.92.Final.jar:/home/lucas/.m2/repository/io/netty/netty-resolver/4.1.92.Final/netty-resolver-4.1.92.Final.jar:/home/lucas/.m2/repository/io/opentelemetry/opentelemetry-api/1.26.0/opentelemetry-api-1.26.0.jar:/home/lucas/.m2/repository/io/opentelemetry/opentelemetry-context/1.26.0/opentelemetry-context-1.26.0.jar:/home/lucas/.m2/repository/io/opentelemetry/opentelemetry-exporter-logging/1.26.0/opentelemetry-exporter-logging-1.26.0.jar:/home/lucas/.m2/repository/io/opentelemetry/opentelemetry-sdk-metrics/1.26.0/opentelemetry-sdk-metrics-1.26.0.jar:/home/lucas/.m2/repository/io/opentelemetry/opentelemetry-extension-incubator/1.26.0-alpha/opentelemetry-extension-incubator-1.26.0-alpha.jar:/home/lucas/.m2/repository/io/opentelemetry/opentelemetry-sdk-logs/1.26.0-alpha/opentelemetry-sdk-logs-1.26.0-alpha.jar:/home/lucas/.m2/repository/io/opentelemetry/opentelemetry-api-logs/1.26.0-alpha/opentelemetry-api-logs-1.26.0-alpha.jar:/home/lucas/.m2/repository/io/opentelemetry/opentelemetry-api-events/1.26.0-alpha/opentelemetry-api-events-1.26.0-alpha.jar:/home/lucas/.m2/repository/io/opentelemetry/opentelemetry-sdk-common/1.26.0/opentelemetry-sdk-common-1.26.0.jar:/home/lucas/.m2/repository/io/opentelemetry/opentelemetry-sdk-extension-autoconfigure-spi/1.26.0/opentelemetry-sdk-extension-autoconfigure-spi-1.26.0.jar:/home/lucas/.m2/repository/io/opentelemetry/opentelemetry-sdk-extension-autoconfigure/1.26.0-alpha/opentelemetry-sdk-extension-autoconfigure-1.26.0-alpha.jar:/home/lucas/.m2/repository/io/opentelemetry/opentelemetry-sdk-trace/1.26.0/opentelemetry-sdk-trace-1.26.0.jar:/home/lucas/.m2/repository/io/opentelemetry/opentelemetry-sdk/1.26.0/opentelemetry-sdk-1.26.0.jar:/home/lucas/.m2/repository/io/opentelemetry/opentelemetry-semconv/1.26.0-alpha/opentelemetry-semconv-1.26.0-alpha.jar:/home/lucas/.m2/repository/org/apache/commons/commons-exec/1.3/commons-exec-1.3.jar:/home/lucas/.m2/repository/org/asynchttpclient/async-http-client/2.12.3/async-http-client-2.12.3.jar:/home/lucas/.m2/repository/org/asynchttpclient/async-http-client-netty-utils/2.12.3/async-http-client-netty-utils-2.12.3.jar:/home/lucas/.m2/repository/io/netty/netty-codec-socks/4.1.60.Final/netty-codec-socks-4.1.60.Final.jar:/home/lucas/.m2/repository/io/netty/netty-handler-proxy/4.1.60.Final/netty-handler-proxy-4.1.60.Final.jar:/home/lucas/.m2/repository/io/netty/netty-transport-native-epoll/4.1.60.Final/netty-transport-native-epoll-4.1.60.Final-linux-x86_64.jar:/home/lucas/.m2/repository/io/netty/netty-transport-native-kqueue/4.1.60.Final/netty-transport-native-kqueue-4.1.60.Final-osx-x86_64.jar:/home/lucas/.m2/repository/org/reactivestreams/reactive-streams/1.0.3/reactive-streams-1.0.3.jar:/home/lucas/.m2/repository/com/typesafe/netty/netty-reactive-streams/2.0.4/netty-reactive-streams-2.0.4.jar:/home/lucas/.m2/repository/com/sun/activation/jakarta.activation/1.2.2/jakarta.activation-1.2.2.jar:/home/lucas/.m2/repository/org/seleniumhq/selenium/selenium-http/4.11.0/selenium-http-4.11.0.jar:/home/lucas/.m2/repository/dev/failsafe/failsafe/3.3.1/failsafe-3.3.1.jar:/home/lucas/.m2/repository/org/seleniumhq/selenium/selenium-manager/4.11.0/selenium-manager-4.11.0.jar:/home/lucas/.m2/repository/junit/junit/4.13.1/junit-4.13.1.jar:/home/lucas/.m2/repository/org/hamcrest/hamcrest-core/1.3/hamcrest-core-1.3.jar:/home/lucas/.m2/repository/org/junit/jupiter/junit-jupiter-engine/5.7.0/junit-jupiter-engine-5.7.0.jar:/home/lucas/.m2/repository/org/apiguardian/apiguardian-api/1.1.0/apiguardian-api-1.1.0.jar:/home/lucas/.m2/repository/org/junit/platform/junit-platform-engine/1.7.0/junit-platform-engine-1.7.0.jar:/home/lucas/.m2/repository/org/junit/jupiter/junit-jupiter-api/5.7.1/junit-jupiter-api-5.7.1.jar:/home/lucas/.m2/repository/org/opentest4j/opentest4j/1.2.0/opentest4j-1.2.0.jar:/home/lucas/.m2/repository/org/junit/platform/junit-platform-commons/1.7.1/junit-platform-commons-1.7.1.jar:/home/lucas/.m2/repository/com/codeborne/phantomjsdriver/1.2.1/phantomjsdriver-1.2.1.jar:"/>
    <property name="allure.results.directory" value="allure-results"/>
    <property name="sun.cpu.endian" value="little"/>
    <property name="user.home" value="/home/lucas"/>
    <property name="user.language" value="en"/>
    <property name="java.specification.vendor" value="Oracle Corporation"/>
    <property name="java.version.date" value="2024-04-16"/>
    <property name="java.home" value="/usr/lib/jvm/java-21-openjdk-amd64"/>
    <property name="file.separator" value="/"/>
    <property name="basedir" value="/home/lucas/eclipse-workspace/mantisBase2"/>
    <property name="style.color" value="always"/>
    <property name="java.vm.compressedOopsMode" value="32-bit"/>
    <property name="line.separator" value="&#10;"/>
    <property name="java.vm.specification.vendor" value="Oracle Corporation"/>
    <property name="java.specification.name" value="Java Platform API Specification"/>
    <property name="surefire.real.class.path" value="/home/lucas/eclipse-workspace/mantisBase2/target/surefire/surefirebooter7367785783444182002.jar"/>
    <property name="sun.management.compiler" value="HotSpot 64-Bit Tiered Compilers"/>
    <property name="java.runtime.version" value="21.0.3+9-Ubuntu-1ubuntu1"/>
    <property name="user.name" value="lucas"/>
    <property name="stdout.encoding" value="UTF-8"/>
    <property name="path.separator" value=":"/>
    <property name="os.version" value="6.8.0-35-generic"/>
    <property name="java.runtime.name" value="OpenJDK Runtime Environment"/>
    <property name="file.encoding" value="UTF-8"/>
    <property name="java.vm.name" value="OpenJDK 64-Bit Server VM"/>
    <property name="localRepository" value="/home/lucas/.m2/repository"/>
    <property name="java.vendor.url.bug" value="https://bugs.launchpad.net/ubuntu/+source/openjdk-21"/>
    <property name="java.io.tmpdir" value="/tmp"/>
    <property name="java.version" value="21.0.3"/>
    <property name="user.dir" value="/home/lucas/eclipse-workspace/mantisBase2"/>
    <property name="os.arch" value="amd64"/>
    <property name="java.vm.specification.name" value="Java Virtual Machine Specification"/>
    <property name="native.encoding" value="UTF-8"/>
    <property name="java.library.path" value="/usr/java/packages/lib:/usr/lib/x86_64-linux-gnu/jni:/lib/x86_64-linux-gnu:/usr/lib/x86_64-linux-gnu:/usr/lib/jni:/lib:/usr/lib"/>
    <property name="java.vm.info" value="mixed mode, sharing"/>
    <property name="stderr.encoding" value="UTF-8"/>
    <property name="java.vendor" value="Ubuntu"/>
    <property name="java.vm.version" value="21.0.3+9-Ubuntu-1ubuntu1"/>
    <property name="sun.io.unicode.encoding" value="UnicodeLittle"/>
    <property name="java.class.version" value="65.0"/>
  </properties>
  <testcase name="test01_loginSucess" classname="tests.MantisAutomationTest" time="14.828">
    <system-err><![CDATA[log4j:WARN No appenders could be found for logger (io.github.bonigarcia.wdm.Shell).
log4j:WARN Please initialize the log4j system properly.
log4j:WARN See http://logging.apache.org/log4j/1.2/faq.html#noconfig for more info.
Jul 01, 2024 10:03:40 AM org.openqa.selenium.devtools.CdpVersionFinder findNearestMatch
WARNING: Unable to find CDP implementation matching 104
Jul 01, 2024 10:03:40 AM org.openqa.selenium.chromium.ChromiumDriver lambda$new$5
WARNING: Unable to find version of CDP to use for 104.0.5112.101. You may need to include a dependency on a specific version of the CDP using something similar to `org.seleniumhq.selenium:selenium-devtools-v86:4.11.0` where the version ("v86") matches the version of the chromium-based browser you're using and the version number of the artifact is the same as Selenium's.
Jul 01, 2024 10:03:40 AM core.DriverFactory createDriver
INFO: Selected Chrome Driver
Jul 01, 2024 10:03:43 AM core.BasePage insertText
INFO: text: Lucas_Andrade filled successfully!
Jul 01, 2024 10:03:43 AM core.BasePage click
INFO: element: [[ChromeDriver: chrome on linux (13d44a83edaabc0402fc757bf74d18fb)] -> xpath: //input[@value='Login']] clicked!
Jul 01, 2024 10:03:44 AM core.BasePage insertText
INFO: text: 1234 filled successfully!
Jul 01, 2024 10:03:55 AM core.BasePage click
INFO: element: Proxy element for: DefaultElementLocator 'By.xpath: //input[@value='Login']' clicked!
Jul 01, 2024 10:03:55 AM core.BasePage waitElementVisible
INFO: element: [[ChromeDriver: chrome on linux (13d44a83edaabc0402fc757bf74d18fb)] -> xpath: //input[@name='bug_id']] found successfully!
]]></system-err>
  </testcase>
  <testcase name="test02_logOut" classname="tests.MantisAutomationTest" time="24.888">
    <system-err><![CDATA[Jul 01, 2024 10:03:56 AM org.openqa.selenium.devtools.CdpVersionFinder findNearestMatch
WARNING: Unable to find CDP implementation matching 104
Jul 01, 2024 10:03:56 AM org.openqa.selenium.chromium.ChromiumDriver lambda$new$5
WARNING: Unable to find version of CDP to use for 104.0.5112.101. You may need to include a dependency on a specific version of the CDP using something similar to `org.seleniumhq.selenium:selenium-devtools-v86:4.11.0` where the version ("v86") matches the version of the chromium-based browser you're using and the version number of the artifact is the same as Selenium's.
Jul 01, 2024 10:03:56 AM core.DriverFactory createDriver
INFO: Selected Chrome Driver
Jul 01, 2024 10:03:58 AM core.BasePage insertText
INFO: text: Lucas_Andrade filled successfully!
Jul 01, 2024 10:03:59 AM core.BasePage click
INFO: element: [[ChromeDriver: chrome on linux (4b963a7faea86b50efe40a86dda93833)] -> xpath: //input[@value='Login']] clicked!
Jul 01, 2024 10:03:59 AM core.BasePage insertText
INFO: text: 1234 filled successfully!
Jul 01, 2024 10:04:10 AM core.BasePage click
INFO: element: Proxy element for: DefaultElementLocator 'By.xpath: //input[@value='Login']' clicked!
Jul 01, 2024 10:04:10 AM core.BasePage waitElementVisible
INFO: element: [[ChromeDriver: chrome on linux (4b963a7faea86b50efe40a86dda93833)] -> xpath: //input[@name='bug_id']] found successfully!
Jul 01, 2024 10:04:10 AM core.BasePage click
INFO: element: [[ChromeDriver: chrome on linux (4b963a7faea86b50efe40a86dda93833)] -> xpath: //span[@class='user-info']] clicked!
Jul 01, 2024 10:04:21 AM core.BasePage click
INFO: element: Proxy element for: DefaultElementLocator 'By.xpath: //a[contains(text(),'Logout')]' clicked!
Jul 01, 2024 10:04:21 AM core.BasePage waitElementVisible
INFO: element: [[ChromeDriver: chrome on linux (4b963a7faea86b50efe40a86dda93833)] -> id: username] found successfully!
]]></system-err>
  </testcase>
  <testcase name="test03_addIssue" classname="tests.MantisAutomationTest" time="35.615">
    <system-err><![CDATA[Jul 01, 2024 10:04:22 AM org.openqa.selenium.devtools.CdpVersionFinder findNearestMatch
WARNING: Unable to find CDP implementation matching 104
Jul 01, 2024 10:04:22 AM org.openqa.selenium.chromium.ChromiumDriver lambda$new$5
WARNING: Unable to find version of CDP to use for 104.0.5112.101. You may need to include a dependency on a specific version of the CDP using something similar to `org.seleniumhq.selenium:selenium-devtools-v86:4.11.0` where the version ("v86") matches the version of the chromium-based browser you're using and the version number of the artifact is the same as Selenium's.
Jul 01, 2024 10:04:22 AM core.DriverFactory createDriver
INFO: Selected Chrome Driver
Jul 01, 2024 10:04:24 AM core.BasePage insertText
INFO: text: Lucas_Andrade filled successfully!
Jul 01, 2024 10:04:25 AM core.BasePage click
INFO: element: [[ChromeDriver: chrome on linux (a8b971a9ce172e9a1ebfaa2dfec062c0)] -> xpath: //input[@value='Login']] clicked!
Jul 01, 2024 10:04:25 AM core.BasePage insertText
INFO: text: 1234 filled successfully!
Jul 01, 2024 10:04:36 AM core.BasePage click
INFO: element: Proxy element for: DefaultElementLocator 'By.xpath: //input[@value='Login']' clicked!
Jul 01, 2024 10:04:36 AM core.BasePage waitElementVisible
INFO: element: [[ChromeDriver: chrome on linux (a8b971a9ce172e9a1ebfaa2dfec062c0)] -> xpath: //input[@name='bug_id']] found successfully!
Jul 01, 2024 10:04:46 AM core.BasePage click
INFO: element: Proxy element for: DefaultElementLocator 'By.xpath: //a[@class='btn btn-primary btn-sm']' clicked!
Jul 01, 2024 10:04:46 AM core.BasePage waitElementVisible
INFO: element: [[ChromeDriver: chrome on linux (a8b971a9ce172e9a1ebfaa2dfec062c0)] -> xpath: //select[@id='category_id']] found successfully!
Jul 01, 2024 10:04:47 AM core.BasePage selectByText
INFO: text:[All Projects] nova categoria selected successfully!
Jul 01, 2024 10:04:47 AM core.BasePage insertText
INFO: text: test_0fXJ1XLMzv filled successfully!
Jul 01, 2024 10:04:47 AM core.BasePage insertText
INFO: text: test_0fXJ1XLMzv filled successfully!
Jul 01, 2024 10:04:57 AM core.BasePage click
INFO: element: Proxy element for: DefaultElementLocator 'By.xpath: //input[@value='Submit Issue']' clicked!
]]></system-err>
  </testcase>
  <testcase name="test04_printReports" classname="tests.MantisAutomationTest" time="25.424">
    <system-err><![CDATA[Jul 01, 2024 10:04:58 AM org.openqa.selenium.devtools.CdpVersionFinder findNearestMatch
WARNING: Unable to find CDP implementation matching 104
Jul 01, 2024 10:04:58 AM org.openqa.selenium.chromium.ChromiumDriver lambda$new$5
WARNING: Unable to find version of CDP to use for 104.0.5112.101. You may need to include a dependency on a specific version of the CDP using something similar to `org.seleniumhq.selenium:selenium-devtools-v86:4.11.0` where the version ("v86") matches the version of the chromium-based browser you're using and the version number of the artifact is the same as Selenium's.
Jul 01, 2024 10:04:58 AM core.DriverFactory createDriver
INFO: Selected Chrome Driver
Jul 01, 2024 10:05:00 AM core.BasePage insertText
INFO: text: Lucas_Andrade filled successfully!
Jul 01, 2024 10:05:01 AM core.BasePage click
INFO: element: [[ChromeDriver: chrome on linux (90aefb153ac0a495d2292579530d148f)] -> xpath: //input[@value='Login']] clicked!
Jul 01, 2024 10:05:01 AM core.BasePage insertText
INFO: text: 1234 filled successfully!
Jul 01, 2024 10:05:12 AM core.BasePage click
INFO: element: Proxy element for: DefaultElementLocator 'By.xpath: //input[@value='Login']' clicked!
Jul 01, 2024 10:05:12 AM core.BasePage waitElementVisible
INFO: element: [[ChromeDriver: chrome on linux (90aefb153ac0a495d2292579530d148f)] -> xpath: //input[@name='bug_id']] found successfully!
Jul 01, 2024 10:05:13 AM core.BasePage click
INFO: element: [[ChromeDriver: chrome on linux (90aefb153ac0a495d2292579530d148f)] -> xpath: //i[@class='menu-icon fa fa-list-alt']] clicked!
Jul 01, 2024 10:05:24 AM core.BasePage click
INFO: element: Proxy element for: DefaultElementLocator 'By.xpath: //a[contains(text(),'Print Reports')]' clicked!
]]></system-err>
  </testcase>
  <testcase name="test05_csvReports" classname="tests.MantisAutomationTest" time="15.629">
    <system-err><![CDATA[Jul 01, 2024 10:05:25 AM org.openqa.selenium.devtools.CdpVersionFinder findNearestMatch
WARNING: Unable to find CDP implementation matching 104
Jul 01, 2024 10:05:25 AM org.openqa.selenium.chromium.ChromiumDriver lambda$new$5
WARNING: Unable to find version of CDP to use for 104.0.5112.101. You may need to include a dependency on a specific version of the CDP using something similar to `org.seleniumhq.selenium:selenium-devtools-v86:4.11.0` where the version ("v86") matches the version of the chromium-based browser you're using and the version number of the artifact is the same as Selenium's.
Jul 01, 2024 10:05:25 AM core.DriverFactory createDriver
INFO: Selected Chrome Driver
Jul 01, 2024 10:05:27 AM core.BasePage insertText
INFO: text: Lucas_Andrade filled successfully!
Jul 01, 2024 10:05:28 AM core.BasePage click
INFO: element: [[ChromeDriver: chrome on linux (5bc59555779b65371b264e03d870dce8)] -> xpath: //input[@value='Login']] clicked!
Jul 01, 2024 10:05:28 AM core.BasePage insertText
INFO: text: 1234 filled successfully!
Jul 01, 2024 10:05:39 AM core.BasePage click
INFO: element: Proxy element for: DefaultElementLocator 'By.xpath: //input[@value='Login']' clicked!
Jul 01, 2024 10:05:39 AM core.BasePage waitElementVisible
INFO: element: [[ChromeDriver: chrome on linux (5bc59555779b65371b264e03d870dce8)] -> xpath: //input[@name='bug_id']] found successfully!
Jul 01, 2024 10:05:40 AM core.BasePage click
INFO: element: [[ChromeDriver: chrome on linux (5bc59555779b65371b264e03d870dce8)] -> xpath: //i[@class='menu-icon fa fa-list-alt']] clicked!
Jul 01, 2024 10:05:40 AM core.BasePage click
INFO: element: [[ChromeDriver: chrome on linux (5bc59555779b65371b264e03d870dce8)] -> xpath: //a[contains(text(),'CSV Export')]] clicked!
]]></system-err>
  </testcase>
  <testcase name="test06_excelReports" classname="tests.MantisAutomationTest" time="16.939">
    <system-err><![CDATA[Jul 01, 2024 10:05:41 AM org.openqa.selenium.devtools.CdpVersionFinder findNearestMatch
WARNING: Unable to find CDP implementation matching 104
Jul 01, 2024 10:05:41 AM org.openqa.selenium.chromium.ChromiumDriver lambda$new$5
WARNING: Unable to find version of CDP to use for 104.0.5112.101. You may need to include a dependency on a specific version of the CDP using something similar to `org.seleniumhq.selenium:selenium-devtools-v86:4.11.0` where the version ("v86") matches the version of the chromium-based browser you're using and the version number of the artifact is the same as Selenium's.
Jul 01, 2024 10:05:41 AM core.DriverFactory createDriver
INFO: Selected Chrome Driver
Jul 01, 2024 10:05:44 AM core.BasePage insertText
INFO: text: Lucas_Andrade filled successfully!
Jul 01, 2024 10:05:45 AM core.BasePage click
INFO: element: [[ChromeDriver: chrome on linux (cd386010a62bb6fd006ee16e0f9be745)] -> xpath: //input[@value='Login']] clicked!
Jul 01, 2024 10:05:45 AM core.BasePage insertText
INFO: text: 1234 filled successfully!
Jul 01, 2024 10:05:56 AM core.BasePage click
INFO: element: Proxy element for: DefaultElementLocator 'By.xpath: //input[@value='Login']' clicked!
Jul 01, 2024 10:05:56 AM core.BasePage waitElementVisible
INFO: element: [[ChromeDriver: chrome on linux (cd386010a62bb6fd006ee16e0f9be745)] -> xpath: //input[@name='bug_id']] found successfully!
Jul 01, 2024 10:05:57 AM core.BasePage click
INFO: element: [[ChromeDriver: chrome on linux (cd386010a62bb6fd006ee16e0f9be745)] -> xpath: //i[@class='menu-icon fa fa-list-alt']] clicked!
Jul 01, 2024 10:05:58 AM core.BasePage click
INFO: element: [[ChromeDriver: chrome on linux (cd386010a62bb6fd006ee16e0f9be745)] -> xpath: //a[contains(text(),'Excel Export')]] clicked!
]]></system-err>
  </testcase>
  <testcase name="test07_invalidLogin" classname="tests.MantisAutomationTest" time="4.649">
    <system-err><![CDATA[Jul 01, 2024 10:05:59 AM org.openqa.selenium.devtools.CdpVersionFinder findNearestMatch
WARNING: Unable to find CDP implementation matching 104
Jul 01, 2024 10:05:59 AM org.openqa.selenium.chromium.ChromiumDriver lambda$new$5
WARNING: Unable to find version of CDP to use for 104.0.5112.101. You may need to include a dependency on a specific version of the CDP using something similar to `org.seleniumhq.selenium:selenium-devtools-v86:4.11.0` where the version ("v86") matches the version of the chromium-based browser you're using and the version number of the artifact is the same as Selenium's.
Jul 01, 2024 10:05:59 AM core.DriverFactory createDriver
INFO: Selected Chrome Driver
Jul 01, 2024 10:06:01 AM core.BasePage insertText
INFO: text: invalidLogin filled successfully!
Jul 01, 2024 10:06:03 AM core.BasePage click
INFO: element: [[ChromeDriver: chrome on linux (60ca322b66a81702dc3100bc3df5f94e)] -> xpath: //input[@value='Login']] clicked!
Jul 01, 2024 10:06:03 AM core.BasePage insertText
INFO: text: 1234 filled successfully!
Jul 01, 2024 10:06:04 AM core.BasePage click
INFO: element: [[ChromeDriver: chrome on linux (60ca322b66a81702dc3100bc3df5f94e)] -> xpath: //input[@value='Login']] clicked!
]]></system-err>
  </testcase>
  <testcase name="test08_changeLog" classname="tests.MantisAutomationTest" time="14.333">
    <system-err><![CDATA[Jul 01, 2024 10:06:05 AM org.openqa.selenium.devtools.CdpVersionFinder findNearestMatch
WARNING: Unable to find CDP implementation matching 104
Jul 01, 2024 10:06:05 AM org.openqa.selenium.chromium.ChromiumDriver lambda$new$5
WARNING: Unable to find version of CDP to use for 104.0.5112.101. You may need to include a dependency on a specific version of the CDP using something similar to `org.seleniumhq.selenium:selenium-devtools-v86:4.11.0` where the version ("v86") matches the version of the chromium-based browser you're using and the version number of the artifact is the same as Selenium's.
Jul 01, 2024 10:06:05 AM core.DriverFactory createDriver
INFO: Selected Chrome Driver
Jul 01, 2024 10:06:06 AM core.BasePage insertText
INFO: text: Lucas_Andrade filled successfully!
Jul 01, 2024 10:06:07 AM core.BasePage click
INFO: element: [[ChromeDriver: chrome on linux (5c25838f7aa3bfc00a0e54c40ff24d43)] -> xpath: //input[@value='Login']] clicked!
Jul 01, 2024 10:06:07 AM core.BasePage insertText
INFO: text: 1234 filled successfully!
Jul 01, 2024 10:06:18 AM core.BasePage click
INFO: element: Proxy element for: DefaultElementLocator 'By.xpath: //input[@value='Login']' clicked!
Jul 01, 2024 10:06:18 AM core.BasePage waitElementVisible
INFO: element: [[ChromeDriver: chrome on linux (5c25838f7aa3bfc00a0e54c40ff24d43)] -> xpath: //input[@name='bug_id']] found successfully!
Jul 01, 2024 10:06:19 AM core.BasePage click
INFO: element: [[ChromeDriver: chrome on linux (5c25838f7aa3bfc00a0e54c40ff24d43)] -> xpath: //span[contains(text(),'Change Log')]] clicked!
]]></system-err>
  </testcase>
  <testcase name="test09_roadmap" classname="tests.MantisAutomationTest" time="13.932">
    <system-err><![CDATA[Jul 01, 2024 10:06:20 AM org.openqa.selenium.devtools.CdpVersionFinder findNearestMatch
WARNING: Unable to find CDP implementation matching 104
Jul 01, 2024 10:06:20 AM org.openqa.selenium.chromium.ChromiumDriver lambda$new$5
WARNING: Unable to find version of CDP to use for 104.0.5112.101. You may need to include a dependency on a specific version of the CDP using something similar to `org.seleniumhq.selenium:selenium-devtools-v86:4.11.0` where the version ("v86") matches the version of the chromium-based browser you're using and the version number of the artifact is the same as Selenium's.
Jul 01, 2024 10:06:20 AM core.DriverFactory createDriver
INFO: Selected Chrome Driver
Jul 01, 2024 10:06:21 AM core.BasePage insertText
INFO: text: Lucas_Andrade filled successfully!
Jul 01, 2024 10:06:22 AM core.BasePage click
INFO: element: [[ChromeDriver: chrome on linux (8c2c2725a7d8a4d36c7de15c32ef987b)] -> xpath: //input[@value='Login']] clicked!
Jul 01, 2024 10:06:22 AM core.BasePage insertText
INFO: text: 1234 filled successfully!
Jul 01, 2024 10:06:33 AM core.BasePage click
INFO: element: Proxy element for: DefaultElementLocator 'By.xpath: //input[@value='Login']' clicked!
Jul 01, 2024 10:06:33 AM core.BasePage waitElementVisible
INFO: element: [[ChromeDriver: chrome on linux (8c2c2725a7d8a4d36c7de15c32ef987b)] -> xpath: //input[@name='bug_id']] found successfully!
Jul 01, 2024 10:06:34 AM core.BasePage click
INFO: element: [[ChromeDriver: chrome on linux (8c2c2725a7d8a4d36c7de15c32ef987b)] -> xpath: //span[contains(text(),'Roadmap')]] clicked!
]]></system-err>
  </testcase>
</testsuite>